{"C:\\Users\\ME\\Desktop\\DataGrokr Assignment\\blogging-app\\frontend\\src\\App.tsx": {"path":"C:\\Users\\ME\\Desktop\\DataGrokr Assignment\\blogging-app\\frontend\\src\\App.tsx","statementMap":{"0":{"start":{"line":10,"column":2},"end":{"line":20,"column":4}}},"fnMap":{"0":{"name":"App","decl":{"start":{"line":9,"column":9},"end":{"line":9,"column":12}},"loc":{"start":{"line":9,"column":15},"end":{"line":21,"column":1}},"line":9}},"branchMap":{},"s":{"0":1},"f":{"0":1},"b":{},"_coverageSchema":"1a1c01bbd47fc00a2c39e90264f33305004495a9","hash":"eecaa23397c7deb9a1ddceaa02a7167e4c656c61"}
,"C:\\Users\\ME\\Desktop\\DataGrokr Assignment\\blogging-app\\frontend\\src\\index.tsx": {"path":"C:\\Users\\ME\\Desktop\\DataGrokr Assignment\\blogging-app\\frontend\\src\\index.tsx","statementMap":{"0":{"start":{"line":9,"column":13},"end":{"line":11,"column":1}},"1":{"start":{"line":12,"column":0},"end":{"line":20,"column":2}}},"fnMap":{},"branchMap":{},"s":{"0":0,"1":0},"f":{},"b":{}}
,"C:\\Users\\ME\\Desktop\\DataGrokr Assignment\\blogging-app\\frontend\\src\\components\\BlogForm.tsx": {"path":"C:\\Users\\ME\\Desktop\\DataGrokr Assignment\\blogging-app\\frontend\\src\\components\\BlogForm.tsx","statementMap":{"0":{"start":{"line":13,"column":25},"end":{"line":16,"column":2}},"1":{"start":{"line":18,"column":22},"end":{"line":21,"column":1}},"2":{"start":{"line":31,"column":34},"end":{"line":98,"column":1}},"3":{"start":{"line":32,"column":19},"end":{"line":32,"column":32}},"4":{"start":{"line":33,"column":19},"end":{"line":33,"column":45}},"5":{"start":{"line":34,"column":19},"end":{"line":34,"column":67}},"6":{"start":{"line":34,"column":47},"end":{"line":34,"column":66}},"7":{"start":{"line":36,"column":23},"end":{"line":44,"column":3}},"8":{"start":{"line":37,"column":23},"end":{"line":41,"column":5}},"9":{"start":{"line":42,"column":4},"end":{"line":42,"column":28}},"10":{"start":{"line":43,"column":4},"end":{"line":43,"column":23}},"11":{"start":{"line":46,"column":2},"end":{"line":97,"column":4}},"12":{"start":{"line":54,"column":10},"end":{"line":54,"column":30}},"13":{"start":{"line":55,"column":10},"end":{"line":55,"column":31}},"14":{"start":{"line":56,"column":10},"end":{"line":56,"column":31}},"15":{"start":{"line":60,"column":10},"end":{"line":93,"column":17}}},"fnMap":{"0":{"name":"(anonymous_0)","decl":{"start":{"line":31,"column":34},"end":{"line":31,"column":35}},"loc":{"start":{"line":31,"column":40},"end":{"line":98,"column":1}},"line":31},"1":{"name":"(anonymous_1)","decl":{"start":{"line":34,"column":31},"end":{"line":34,"column":32}},"loc":{"start":{"line":34,"column":47},"end":{"line":34,"column":66}},"line":34},"2":{"name":"(anonymous_2)","decl":{"start":{"line":36,"column":23},"end":{"line":36,"column":24}},"loc":{"start":{"line":36,"column":71},"end":{"line":44,"column":3}},"line":36},"3":{"name":"(anonymous_3)","decl":{"start":{"line":53,"column":18},"end":{"line":53,"column":19}},"loc":{"start":{"line":53,"column":49},"end":{"line":57,"column":9}},"line":53},"4":{"name":"(anonymous_4)","decl":{"start":{"line":59,"column":9},"end":{"line":59,"column":10}},"loc":{"start":{"line":60,"column":10},"end":{"line":93,"column":17}},"line":60}},"branchMap":{},"s":{"0":9,"1":9,"2":9,"3":4,"4":4,"5":4,"6":4,"7":4,"8":1,"9":1,"10":1,"11":4,"12":1,"13":1,"14":1,"15":7},"f":{"0":4,"1":4,"2":1,"3":1,"4":7},"b":{},"_coverageSchema":"1a1c01bbd47fc00a2c39e90264f33305004495a9","hash":"036c0e107aa7bdcf4ad1f029aa035a0f0124db35"}
,"C:\\Users\\ME\\Desktop\\DataGrokr Assignment\\blogging-app\\frontend\\src\\components\\Blogs.tsx": {"path":"C:\\Users\\ME\\Desktop\\DataGrokr Assignment\\blogging-app\\frontend\\src\\components\\Blogs.tsx","statementMap":{"0":{"start":{"line":10,"column":18},"end":{"line":13,"column":1}},"1":{"start":{"line":15,"column":14},"end":{"line":26,"column":1}},"2":{"start":{"line":16,"column":2},"end":{"line":25,"column":4}}},"fnMap":{"0":{"name":"(anonymous_0)","decl":{"start":{"line":15,"column":14},"end":{"line":15,"column":15}},"loc":{"start":{"line":15,"column":32},"end":{"line":26,"column":1}},"line":15}},"branchMap":{},"s":{"0":9,"1":9,"2":4},"f":{"0":4},"b":{},"_coverageSchema":"1a1c01bbd47fc00a2c39e90264f33305004495a9","hash":"d0ed8eb1225581a1590e15ca50017ed0f29a8ac8"}
,"C:\\Users\\ME\\Desktop\\DataGrokr Assignment\\blogging-app\\frontend\\src\\components\\Footer.tsx": {"path":"C:\\Users\\ME\\Desktop\\DataGrokr Assignment\\blogging-app\\frontend\\src\\components\\Footer.tsx","statementMap":{"0":{"start":{"line":3,"column":15},"end":{"line":5,"column":1}},"1":{"start":{"line":4,"column":2},"end":{"line":4,"column":35}}},"fnMap":{"0":{"name":"(anonymous_0)","decl":{"start":{"line":3,"column":15},"end":{"line":3,"column":16}},"loc":{"start":{"line":3,"column":21},"end":{"line":5,"column":1}},"line":3}},"branchMap":{},"s":{"0":2,"1":2},"f":{"0":2},"b":{},"_coverageSchema":"1a1c01bbd47fc00a2c39e90264f33305004495a9","hash":"52a32b54d7a9dad956bfdd2b8de1c2b28b00f512"}
,"C:\\Users\\ME\\Desktop\\DataGrokr Assignment\\blogging-app\\frontend\\src\\components\\InputFields.tsx": {"path":"C:\\Users\\ME\\Desktop\\DataGrokr Assignment\\blogging-app\\frontend\\src\\components\\InputFields.tsx","statementMap":{"0":{"start":{"line":9,"column":37},"end":{"line":12,"column":2}},"1":{"start":{"line":14,"column":40},"end":{"line":22,"column":2}},"2":{"start":{"line":24,"column":30},"end":{"line":42,"column":1}},"3":{"start":{"line":25,"column":2},"end":{"line":41,"column":4}},"4":{"start":{"line":44,"column":29},"end":{"line":62,"column":1}},"5":{"start":{"line":45,"column":2},"end":{"line":61,"column":4}},"6":{"start":{"line":64,"column":26},"end":{"line":89,"column":1}},"7":{"start":{"line":65,"column":2},"end":{"line":88,"column":4}},"8":{"start":{"line":91,"column":29},"end":{"line":116,"column":1}},"9":{"start":{"line":92,"column":2},"end":{"line":115,"column":4}},"10":{"start":{"line":118,"column":36},"end":{"line":143,"column":1}},"11":{"start":{"line":119,"column":2},"end":{"line":142,"column":4}}},"fnMap":{"0":{"name":"(anonymous_0)","decl":{"start":{"line":24,"column":30},"end":{"line":24,"column":31}},"loc":{"start":{"line":24,"column":36},"end":{"line":42,"column":1}},"line":24},"1":{"name":"(anonymous_1)","decl":{"start":{"line":44,"column":29},"end":{"line":44,"column":30}},"loc":{"start":{"line":44,"column":35},"end":{"line":62,"column":1}},"line":44},"2":{"name":"(anonymous_2)","decl":{"start":{"line":64,"column":26},"end":{"line":64,"column":27}},"loc":{"start":{"line":64,"column":32},"end":{"line":89,"column":1}},"line":64},"3":{"name":"(anonymous_3)","decl":{"start":{"line":91,"column":29},"end":{"line":91,"column":30}},"loc":{"start":{"line":91,"column":35},"end":{"line":116,"column":1}},"line":91},"4":{"name":"(anonymous_4)","decl":{"start":{"line":118,"column":36},"end":{"line":118,"column":37}},"loc":{"start":{"line":118,"column":42},"end":{"line":143,"column":1}},"line":118}},"branchMap":{},"s":{"0":5,"1":5,"2":5,"3":1,"4":5,"5":1,"6":5,"7":3,"8":5,"9":3,"10":5,"11":1},"f":{"0":1,"1":1,"2":3,"3":3,"4":1},"b":{},"_coverageSchema":"1a1c01bbd47fc00a2c39e90264f33305004495a9","hash":"5977a8a24e6446f86224c587eeeafb8ace535328"}
,"C:\\Users\\ME\\Desktop\\DataGrokr Assignment\\blogging-app\\frontend\\src\\components\\LoginDialog.tsx": {"path":"C:\\Users\\ME\\Desktop\\DataGrokr Assignment\\blogging-app\\frontend\\src\\components\\LoginDialog.tsx","statementMap":{"0":{"start":{"line":14,"column":20},"end":{"line":16,"column":3}},"1":{"start":{"line":14,"column":46},"end":{"line":16,"column":1}},"2":{"start":{"line":18,"column":14},"end":{"line":29,"column":1}},"3":{"start":{"line":36,"column":22},"end":{"line":39,"column":1}},"4":{"start":{"line":41,"column":37},"end":{"line":102,"column":1}},"5":{"start":{"line":42,"column":19},"end":{"line":42,"column":45}},"6":{"start":{"line":44,"column":23},"end":{"line":47,"column":3}},"7":{"start":{"line":45,"column":4},"end":{"line":45,"column":32}},"8":{"start":{"line":46,"column":4},"end":{"line":46,"column":18}},"9":{"start":{"line":49,"column":2},"end":{"line":101,"column":4}},"10":{"start":{"line":77,"column":14},"end":{"line":77,"column":34}},"11":{"start":{"line":78,"column":14},"end":{"line":78,"column":35}},"12":{"start":{"line":79,"column":14},"end":{"line":79,"column":35}},"13":{"start":{"line":83,"column":14},"end":{"line":95,"column":21}}},"fnMap":{"0":{"name":"(anonymous_0)","decl":{"start":{"line":14,"column":34},"end":{"line":14,"column":35}},"loc":{"start":{"line":14,"column":46},"end":{"line":16,"column":1}},"line":14},"1":{"name":"(anonymous_1)","decl":{"start":{"line":41,"column":37},"end":{"line":41,"column":38}},"loc":{"start":{"line":41,"column":64},"end":{"line":102,"column":1}},"line":41},"2":{"name":"(anonymous_2)","decl":{"start":{"line":44,"column":23},"end":{"line":44,"column":24}},"loc":{"start":{"line":44,"column":72},"end":{"line":47,"column":3}},"line":44},"3":{"name":"(anonymous_3)","decl":{"start":{"line":76,"column":22},"end":{"line":76,"column":23}},"loc":{"start":{"line":76,"column":53},"end":{"line":80,"column":13}},"line":76},"4":{"name":"(anonymous_4)","decl":{"start":{"line":82,"column":13},"end":{"line":82,"column":14}},"loc":{"start":{"line":83,"column":14},"end":{"line":95,"column":21}},"line":83}},"branchMap":{"0":{"loc":{"start":{"line":15,"column":18},"end":{"line":15,"column":51}},"type":"cond-expr","locations":[{"start":{"line":15,"column":31},"end":{"line":15,"column":42}},{"start":{"line":15,"column":45},"end":{"line":15,"column":51}}],"line":15}},"s":{"0":4,"1":10,"2":4,"3":4,"4":4,"5":10,"6":10,"7":0,"8":0,"9":10,"10":0,"11":0,"12":0,"13":2},"f":{"0":10,"1":10,"2":0,"3":0,"4":2},"b":{"0":[2,8]},"_coverageSchema":"1a1c01bbd47fc00a2c39e90264f33305004495a9","hash":"0ec7839864c0c9302b91dece13663687a290743f"}
,"C:\\Users\\ME\\Desktop\\DataGrokr Assignment\\blogging-app\\frontend\\src\\components\\NavBar.tsx": {"path":"C:\\Users\\ME\\Desktop\\DataGrokr Assignment\\blogging-app\\frontend\\src\\components\\NavBar.tsx","statementMap":{"0":{"start":{"line":15,"column":15},"end":{"line":198,"column":1}},"1":{"start":{"line":16,"column":19},"end":{"line":16,"column":67}},"2":{"start":{"line":16,"column":47},"end":{"line":16,"column":66}},"3":{"start":{"line":17,"column":19},"end":{"line":17,"column":45}},"4":{"start":{"line":18,"column":19},"end":{"line":18,"column":32}},"5":{"start":{"line":20,"column":40},"end":{"line":20,"column":74}},"6":{"start":{"line":22,"column":28},"end":{"line":24,"column":3}},"7":{"start":{"line":23,"column":4},"end":{"line":23,"column":40}},"8":{"start":{"line":26,"column":29},"end":{"line":28,"column":3}},"9":{"start":{"line":27,"column":4},"end":{"line":27,"column":25}},"10":{"start":{"line":30,"column":44},"end":{"line":30,"column":68}},"11":{"start":{"line":32,"column":30},"end":{"line":34,"column":3}},"12":{"start":{"line":33,"column":4},"end":{"line":33,"column":27}},"13":{"start":{"line":36,"column":31},"end":{"line":38,"column":3}},"14":{"start":{"line":37,"column":4},"end":{"line":37,"column":28}},"15":{"start":{"line":40,"column":50},"end":{"line":40,"column":74}},"16":{"start":{"line":42,"column":33},"end":{"line":44,"column":3}},"17":{"start":{"line":43,"column":4},"end":{"line":43,"column":30}},"18":{"start":{"line":46,"column":34},"end":{"line":48,"column":3}},"19":{"start":{"line":47,"column":4},"end":{"line":47,"column":31}},"20":{"start":{"line":50,"column":23},"end":{"line":53,"column":3}},"21":{"start":{"line":51,"column":4},"end":{"line":51,"column":23}},"22":{"start":{"line":52,"column":4},"end":{"line":52,"column":18}},"23":{"start":{"line":55,"column":2},"end":{"line":197,"column":4}}},"fnMap":{"0":{"name":"(anonymous_0)","decl":{"start":{"line":15,"column":15},"end":{"line":15,"column":16}},"loc":{"start":{"line":15,"column":21},"end":{"line":198,"column":1}},"line":15},"1":{"name":"(anonymous_1)","decl":{"start":{"line":16,"column":31},"end":{"line":16,"column":32}},"loc":{"start":{"line":16,"column":47},"end":{"line":16,"column":66}},"line":16},"2":{"name":"(anonymous_2)","decl":{"start":{"line":22,"column":28},"end":{"line":22,"column":29}},"loc":{"start":{"line":22,"column":70},"end":{"line":24,"column":3}},"line":22},"3":{"name":"(anonymous_3)","decl":{"start":{"line":26,"column":29},"end":{"line":26,"column":30}},"loc":{"start":{"line":26,"column":35},"end":{"line":28,"column":3}},"line":26},"4":{"name":"(anonymous_4)","decl":{"start":{"line":32,"column":30},"end":{"line":32,"column":31}},"loc":{"start":{"line":32,"column":36},"end":{"line":34,"column":3}},"line":32},"5":{"name":"(anonymous_5)","decl":{"start":{"line":36,"column":31},"end":{"line":36,"column":32}},"loc":{"start":{"line":36,"column":37},"end":{"line":38,"column":3}},"line":36},"6":{"name":"(anonymous_6)","decl":{"start":{"line":42,"column":33},"end":{"line":42,"column":34}},"loc":{"start":{"line":42,"column":39},"end":{"line":44,"column":3}},"line":42},"7":{"name":"(anonymous_7)","decl":{"start":{"line":46,"column":34},"end":{"line":46,"column":35}},"loc":{"start":{"line":46,"column":40},"end":{"line":48,"column":3}},"line":46},"8":{"name":"(anonymous_8)","decl":{"start":{"line":50,"column":23},"end":{"line":50,"column":24}},"loc":{"start":{"line":50,"column":29},"end":{"line":53,"column":3}},"line":50}},"branchMap":{"0":{"loc":{"start":{"line":85,"column":13},"end":{"line":157,"column":13}},"type":"cond-expr","locations":[{"start":{"line":86,"column":14},"end":{"line":116,"column":21}},{"start":{"line":118,"column":14},"end":{"line":156,"column":21}}],"line":85},"1":{"loc":{"start":{"line":160,"column":13},"end":{"line":187,"column":13}},"type":"cond-expr","locations":[{"start":{"line":161,"column":14},"end":{"line":168,"column":17}},{"start":{"line":170,"column":14},"end":{"line":186,"column":17}}],"line":160}},"s":{"0":2,"1":3,"2":3,"3":3,"4":3,"5":3,"6":3,"7":0,"8":3,"9":0,"10":3,"11":3,"12":0,"13":3,"14":0,"15":3,"16":3,"17":0,"18":3,"19":0,"20":3,"21":0,"22":0,"23":3},"f":{"0":3,"1":3,"2":0,"3":0,"4":0,"5":0,"6":0,"7":0,"8":0},"b":{"0":[1,2],"1":[1,2]},"_coverageSchema":"1a1c01bbd47fc00a2c39e90264f33305004495a9","hash":"d1fe8623fa9da500a17802d48ae1754623a91e17"}
,"C:\\Users\\ME\\Desktop\\DataGrokr Assignment\\blogging-app\\frontend\\src\\components\\RegisterDialog.tsx": {"path":"C:\\Users\\ME\\Desktop\\DataGrokr Assignment\\blogging-app\\frontend\\src\\components\\RegisterDialog.tsx","statementMap":{"0":{"start":{"line":18,"column":20},"end":{"line":20,"column":3}},"1":{"start":{"line":18,"column":46},"end":{"line":20,"column":1}},"2":{"start":{"line":22,"column":14},"end":{"line":33,"column":1}},"3":{"start":{"line":40,"column":22},"end":{"line":46,"column":1}},"4":{"start":{"line":48,"column":40},"end":{"line":110,"column":1}},"5":{"start":{"line":49,"column":19},"end":{"line":49,"column":45}},"6":{"start":{"line":50,"column":23},"end":{"line":53,"column":3}},"7":{"start":{"line":51,"column":4},"end":{"line":51,"column":35}},"8":{"start":{"line":52,"column":4},"end":{"line":52,"column":18}},"9":{"start":{"line":55,"column":2},"end":{"line":109,"column":4}},"10":{"start":{"line":83,"column":14},"end":{"line":83,"column":35}},"11":{"start":{"line":84,"column":14},"end":{"line":84,"column":35}},"12":{"start":{"line":88,"column":14},"end":{"line":103,"column":21}}},"fnMap":{"0":{"name":"(anonymous_0)","decl":{"start":{"line":18,"column":34},"end":{"line":18,"column":35}},"loc":{"start":{"line":18,"column":46},"end":{"line":20,"column":1}},"line":18},"1":{"name":"(anonymous_1)","decl":{"start":{"line":48,"column":40},"end":{"line":48,"column":41}},"loc":{"start":{"line":48,"column":67},"end":{"line":110,"column":1}},"line":48},"2":{"name":"(anonymous_2)","decl":{"start":{"line":50,"column":23},"end":{"line":50,"column":24}},"loc":{"start":{"line":50,"column":40},"end":{"line":53,"column":3}},"line":50},"3":{"name":"(anonymous_3)","decl":{"start":{"line":82,"column":22},"end":{"line":82,"column":23}},"loc":{"start":{"line":82,"column":53},"end":{"line":85,"column":13}},"line":82},"4":{"name":"(anonymous_4)","decl":{"start":{"line":87,"column":13},"end":{"line":87,"column":14}},"loc":{"start":{"line":88,"column":14},"end":{"line":103,"column":21}},"line":88}},"branchMap":{"0":{"loc":{"start":{"line":19,"column":18},"end":{"line":19,"column":51}},"type":"cond-expr","locations":[{"start":{"line":19,"column":31},"end":{"line":19,"column":42}},{"start":{"line":19,"column":45},"end":{"line":19,"column":51}}],"line":19}},"s":{"0":3,"1":4,"2":3,"3":3,"4":3,"5":4,"6":4,"7":0,"8":0,"9":4,"10":0,"11":0,"12":1},"f":{"0":4,"1":4,"2":0,"3":0,"4":1},"b":{"0":[1,3]},"_coverageSchema":"1a1c01bbd47fc00a2c39e90264f33305004495a9","hash":"664e28692dae32dca418e260af7a80e333b83432"}
,"C:\\Users\\ME\\Desktop\\DataGrokr Assignment\\blogging-app\\frontend\\src\\pages\\BlogFormPage.tsx": {"path":"C:\\Users\\ME\\Desktop\\DataGrokr Assignment\\blogging-app\\frontend\\src\\pages\\BlogFormPage.tsx","statementMap":{"0":{"start":{"line":4,"column":21},"end":{"line":11,"column":1}},"1":{"start":{"line":5,"column":2},"end":{"line":10,"column":4}}},"fnMap":{"0":{"name":"(anonymous_0)","decl":{"start":{"line":4,"column":21},"end":{"line":4,"column":22}},"loc":{"start":{"line":4,"column":27},"end":{"line":11,"column":1}},"line":4}},"branchMap":{},"s":{"0":1,"1":0},"f":{"0":0},"b":{},"_coverageSchema":"1a1c01bbd47fc00a2c39e90264f33305004495a9","hash":"96997bc6be7f778eb22b69f40057f765650e8772"}
,"C:\\Users\\ME\\Desktop\\DataGrokr Assignment\\blogging-app\\frontend\\src\\pages\\Blogspage.tsx": {"path":"C:\\Users\\ME\\Desktop\\DataGrokr Assignment\\blogging-app\\frontend\\src\\pages\\Blogspage.tsx","statementMap":{"0":{"start":{"line":9,"column":18},"end":{"line":25,"column":1}},"1":{"start":{"line":10,"column":19},"end":{"line":10,"column":67}},"2":{"start":{"line":10,"column":47},"end":{"line":10,"column":66}},"3":{"start":{"line":11,"column":19},"end":{"line":11,"column":45}},"4":{"start":{"line":12,"column":2},"end":{"line":16,"column":27}},"5":{"start":{"line":13,"column":4},"end":{"line":15,"column":5}},"6":{"start":{"line":14,"column":6},"end":{"line":14,"column":51}},"7":{"start":{"line":17,"column":16},"end":{"line":17,"column":62}},"8":{"start":{"line":17,"column":44},"end":{"line":17,"column":61}},"9":{"start":{"line":18,"column":2},"end":{"line":24,"column":4}},"10":{"start":{"line":21,"column":10},"end":{"line":21,"column":75}}},"fnMap":{"0":{"name":"(anonymous_0)","decl":{"start":{"line":9,"column":18},"end":{"line":9,"column":19}},"loc":{"start":{"line":9,"column":24},"end":{"line":25,"column":1}},"line":9},"1":{"name":"(anonymous_1)","decl":{"start":{"line":10,"column":31},"end":{"line":10,"column":32}},"loc":{"start":{"line":10,"column":47},"end":{"line":10,"column":66}},"line":10},"2":{"name":"(anonymous_2)","decl":{"start":{"line":12,"column":12},"end":{"line":12,"column":13}},"loc":{"start":{"line":12,"column":18},"end":{"line":16,"column":3}},"line":12},"3":{"name":"(anonymous_3)","decl":{"start":{"line":17,"column":28},"end":{"line":17,"column":29}},"loc":{"start":{"line":17,"column":44},"end":{"line":17,"column":61}},"line":17},"4":{"name":"(anonymous_4)","decl":{"start":{"line":20,"column":19},"end":{"line":20,"column":20}},"loc":{"start":{"line":21,"column":10},"end":{"line":21,"column":75}},"line":21}},"branchMap":{"0":{"loc":{"start":{"line":13,"column":4},"end":{"line":15,"column":5}},"type":"if","locations":[{"start":{"line":13,"column":4},"end":{"line":15,"column":5}},{"start":{},"end":{}}],"line":13}},"s":{"0":9,"1":2,"2":2,"3":2,"4":2,"5":2,"6":2,"7":2,"8":2,"9":2,"10":3},"f":{"0":2,"1":2,"2":2,"3":2,"4":3},"b":{"0":[2,0]},"_coverageSchema":"1a1c01bbd47fc00a2c39e90264f33305004495a9","hash":"4ed9413314e825124c4d83598c21ff2b52326545"}
,"C:\\Users\\ME\\Desktop\\DataGrokr Assignment\\blogging-app\\frontend\\src\\pages\\HomePage.tsx": {"path":"C:\\Users\\ME\\Desktop\\DataGrokr Assignment\\blogging-app\\frontend\\src\\pages\\HomePage.tsx","statementMap":{"0":{"start":{"line":10,"column":21},"end":{"line":15,"column":1}},"1":{"start":{"line":17,"column":24},"end":{"line":21,"column":1}},"2":{"start":{"line":23,"column":20},"end":{"line":38,"column":1}},"3":{"start":{"line":40,"column":34},"end":{"line":98,"column":1}},"4":{"start":{"line":41,"column":19},"end":{"line":41,"column":67}},"5":{"start":{"line":41,"column":47},"end":{"line":41,"column":66}},"6":{"start":{"line":42,"column":19},"end":{"line":42,"column":32}},"7":{"start":{"line":43,"column":22},"end":{"line":49,"column":3}},"8":{"start":{"line":44,"column":4},"end":{"line":48,"column":5}},"9":{"start":{"line":45,"column":6},"end":{"line":45,"column":25}},"10":{"start":{"line":47,"column":6},"end":{"line":47,"column":28}},"11":{"start":{"line":51,"column":44},"end":{"line":51,"column":68}},"12":{"start":{"line":53,"column":30},"end":{"line":55,"column":3}},"13":{"start":{"line":54,"column":4},"end":{"line":54,"column":27}},"14":{"start":{"line":57,"column":31},"end":{"line":59,"column":3}},"15":{"start":{"line":58,"column":4},"end":{"line":58,"column":28}},"16":{"start":{"line":61,"column":2},"end":{"line":97,"column":4}}},"fnMap":{"0":{"name":"(anonymous_0)","decl":{"start":{"line":40,"column":34},"end":{"line":40,"column":35}},"loc":{"start":{"line":40,"column":40},"end":{"line":98,"column":1}},"line":40},"1":{"name":"(anonymous_1)","decl":{"start":{"line":41,"column":31},"end":{"line":41,"column":32}},"loc":{"start":{"line":41,"column":47},"end":{"line":41,"column":66}},"line":41},"2":{"name":"(anonymous_2)","decl":{"start":{"line":43,"column":22},"end":{"line":43,"column":23}},"loc":{"start":{"line":43,"column":28},"end":{"line":49,"column":3}},"line":43},"3":{"name":"(anonymous_3)","decl":{"start":{"line":53,"column":30},"end":{"line":53,"column":31}},"loc":{"start":{"line":53,"column":36},"end":{"line":55,"column":3}},"line":53},"4":{"name":"(anonymous_4)","decl":{"start":{"line":57,"column":31},"end":{"line":57,"column":32}},"loc":{"start":{"line":57,"column":37},"end":{"line":59,"column":3}},"line":57}},"branchMap":{"0":{"loc":{"start":{"line":44,"column":4},"end":{"line":48,"column":5}},"type":"if","locations":[{"start":{"line":44,"column":4},"end":{"line":48,"column":5}},{"start":{"line":46,"column":11},"end":{"line":48,"column":5}}],"line":44}},"s":{"0":2,"1":2,"2":2,"3":2,"4":6,"5":6,"6":6,"7":6,"8":2,"9":1,"10":1,"11":6,"12":6,"13":1,"14":6,"15":0,"16":6},"f":{"0":6,"1":6,"2":2,"3":1,"4":0},"b":{"0":[1,1]},"_coverageSchema":"1a1c01bbd47fc00a2c39e90264f33305004495a9","hash":"7c578390bde0bea3a195661a20a1b4a7d49ea8b0"}
,"C:\\Users\\ME\\Desktop\\DataGrokr Assignment\\blogging-app\\frontend\\src\\redux\\store.tsx": {"path":"C:\\Users\\ME\\Desktop\\DataGrokr Assignment\\blogging-app\\frontend\\src\\redux\\store.tsx","statementMap":{"0":{"start":{"line":5,"column":14},"end":{"line":7,"column":2}}},"fnMap":{},"branchMap":{},"s":{"0":0},"f":{},"b":{}}
,"C:\\Users\\ME\\Desktop\\DataGrokr Assignment\\blogging-app\\frontend\\src\\redux\\slices\\blogsSlice.tsx": {"path":"C:\\Users\\ME\\Desktop\\DataGrokr Assignment\\blogging-app\\frontend\\src\\redux\\slices\\blogsSlice.tsx","statementMap":{"0":{"start":{"line":10,"column":28},"end":{"line":14,"column":1}},"1":{"start":{"line":16,"column":26},"end":{"line":24,"column":1}},"2":{"start":{"line":19,"column":21},"end":{"line":19,"column":46}},"3":{"start":{"line":20,"column":17},"end":{"line":20,"column":36}},"4":{"start":{"line":21,"column":22},"end":{"line":21,"column":75}},"5":{"start":{"line":21,"column":49},"end":{"line":21,"column":74}},"6":{"start":{"line":22,"column":4},"end":{"line":22,"column":21}},"7":{"start":{"line":26,"column":23},"end":{"line":31,"column":1}},"8":{"start":{"line":29,"column":4},"end":{"line":29,"column":39}},"9":{"start":{"line":33,"column":19},"end":{"line":55,"column":2}},"10":{"start":{"line":38,"column":6},"end":{"line":38,"column":29}},"11":{"start":{"line":42,"column":4},"end":{"line":53,"column":9}},"12":{"start":{"line":44,"column":8},"end":{"line":44,"column":33}},"13":{"start":{"line":47,"column":8},"end":{"line":47,"column":35}},"14":{"start":{"line":48,"column":8},"end":{"line":48,"column":37}},"15":{"start":{"line":51,"column":8},"end":{"line":51,"column":32}},"16":{"start":{"line":52,"column":8},"end":{"line":52,"column":43}},"17":{"start":{"line":57,"column":30},"end":{"line":57,"column":48}}},"fnMap":{"0":{"name":"(anonymous_0)","decl":{"start":{"line":18,"column":2},"end":{"line":18,"column":3}},"loc":{"start":{"line":18,"column":36},"end":{"line":23,"column":3}},"line":18},"1":{"name":"(anonymous_1)","decl":{"start":{"line":21,"column":34},"end":{"line":21,"column":35}},"loc":{"start":{"line":21,"column":49},"end":{"line":21,"column":74}},"line":21},"2":{"name":"(anonymous_2)","decl":{"start":{"line":28,"column":2},"end":{"line":28,"column":3}},"loc":{"start":{"line":28,"column":72},"end":{"line":30,"column":3}},"line":28},"3":{"name":"(anonymous_3)","decl":{"start":{"line":37,"column":4},"end":{"line":37,"column":5}},"loc":{"start":{"line":37,"column":27},"end":{"line":39,"column":5}},"line":37},"4":{"name":"(anonymous_4)","decl":{"start":{"line":41,"column":2},"end":{"line":41,"column":3}},"loc":{"start":{"line":41,"column":25},"end":{"line":54,"column":3}},"line":41},"5":{"name":"(anonymous_5)","decl":{"start":{"line":43,"column":35},"end":{"line":43,"column":36}},"loc":{"start":{"line":43,"column":46},"end":{"line":45,"column":7}},"line":43},"6":{"name":"(anonymous_6)","decl":{"start":{"line":46,"column":37},"end":{"line":46,"column":38}},"loc":{"start":{"line":46,"column":56},"end":{"line":49,"column":7}},"line":46},"7":{"name":"(anonymous_7)","decl":{"start":{"line":50,"column":36},"end":{"line":50,"column":37}},"loc":{"start":{"line":50,"column":55},"end":{"line":53,"column":7}},"line":50}},"branchMap":{},"s":{"0":9,"1":9,"2":2,"3":0,"4":0,"5":0,"6":0,"7":9,"8":1,"9":9,"10":0,"11":0,"12":0,"13":0,"14":0,"15":0,"16":0,"17":9},"f":{"0":2,"1":0,"2":1,"3":0,"4":0,"5":0,"6":0,"7":0},"b":{},"_coverageSchema":"1a1c01bbd47fc00a2c39e90264f33305004495a9","hash":"fe066ab206460386a0868532f77e8d33ba4c6e7d"}
,"C:\\Users\\ME\\Desktop\\DataGrokr Assignment\\blogging-app\\frontend\\src\\redux\\slices\\userSlice.tsx": {"path":"C:\\Users\\ME\\Desktop\\DataGrokr Assignment\\blogging-app\\frontend\\src\\redux\\slices\\userSlice.tsx","statementMap":{"0":{"start":{"line":4,"column":25},"end":{"line":13,"column":1}},"1":{"start":{"line":7,"column":32},"end":{"line":7,"column":38}},"2":{"start":{"line":8,"column":21},"end":{"line":10,"column":5}},"3":{"start":{"line":11,"column":4},"end":{"line":11,"column":16}},"4":{"start":{"line":15,"column":28},"end":{"line":31,"column":1}},"5":{"start":{"line":23,"column":23},"end":{"line":28,"column":5}},"6":{"start":{"line":29,"column":4},"end":{"line":29,"column":43}},"7":{"start":{"line":33,"column":18},"end":{"line":54,"column":2}},"8":{"start":{"line":38,"column":6},"end":{"line":38,"column":31}},"9":{"start":{"line":42,"column":4},"end":{"line":52,"column":9}},"10":{"start":{"line":44,"column":8},"end":{"line":44,"column":33}},"11":{"start":{"line":47,"column":8},"end":{"line":47,"column":35}},"12":{"start":{"line":48,"column":8},"end":{"line":48,"column":40}},"13":{"start":{"line":51,"column":8},"end":{"line":51,"column":32}},"14":{"start":{"line":56,"column":26},"end":{"line":56,"column":43}}},"fnMap":{"0":{"name":"(anonymous_0)","decl":{"start":{"line":6,"column":2},"end":{"line":6,"column":3}},"loc":{"start":{"line":6,"column":57},"end":{"line":12,"column":3}},"line":6},"1":{"name":"(anonymous_1)","decl":{"start":{"line":17,"column":2},"end":{"line":17,"column":3}},"loc":{"start":{"line":22,"column":8},"end":{"line":30,"column":3}},"line":22},"2":{"name":"(anonymous_2)","decl":{"start":{"line":37,"column":4},"end":{"line":37,"column":5}},"loc":{"start":{"line":37,"column":23},"end":{"line":39,"column":5}},"line":37},"3":{"name":"(anonymous_3)","decl":{"start":{"line":41,"column":2},"end":{"line":41,"column":3}},"loc":{"start":{"line":41,"column":25},"end":{"line":53,"column":3}},"line":41},"4":{"name":"(anonymous_4)","decl":{"start":{"line":43,"column":34},"end":{"line":43,"column":35}},"loc":{"start":{"line":43,"column":45},"end":{"line":45,"column":7}},"line":43},"5":{"name":"(anonymous_5)","decl":{"start":{"line":46,"column":36},"end":{"line":46,"column":37}},"loc":{"start":{"line":46,"column":55},"end":{"line":49,"column":7}},"line":46},"6":{"name":"(anonymous_6)","decl":{"start":{"line":50,"column":35},"end":{"line":50,"column":36}},"loc":{"start":{"line":50,"column":46},"end":{"line":52,"column":7}},"line":50}},"branchMap":{},"s":{"0":5,"1":0,"2":0,"3":0,"4":5,"5":0,"6":0,"7":5,"8":0,"9":0,"10":0,"11":0,"12":0,"13":0,"14":5},"f":{"0":0,"1":0,"2":0,"3":0,"4":0,"5":0,"6":0},"b":{},"_coverageSchema":"1a1c01bbd47fc00a2c39e90264f33305004495a9","hash":"077745b0ce11911b1f48480289a8bbd9e2d4eb1d"}
,"C:\\Users\\ME\\Desktop\\DataGrokr Assignment\\blogging-app\\frontend\\src\\utils\\test-utils.jsx": {"path":"C:\\Users\\ME\\Desktop\\DataGrokr Assignment\\blogging-app\\frontend\\src\\utils\\test-utils.jsx","statementMap":{"0":{"start":{"line":9,"column":25},"end":{"line":9,"column":48}},"1":{"start":{"line":11,"column":31},"end":{"line":23,"column":1}},"2":{"start":{"line":12,"column":2},"end":{"line":22,"column":4}}},"fnMap":{"0":{"name":"(anonymous_0)","decl":{"start":{"line":11,"column":31},"end":{"line":11,"column":32}},"loc":{"start":{"line":11,"column":53},"end":{"line":23,"column":1}},"line":11}},"branchMap":{},"s":{"0":9,"1":9,"2":13},"f":{"0":13},"b":{},"_coverageSchema":"1a1c01bbd47fc00a2c39e90264f33305004495a9","hash":"69e063a4c9312ad5162220a88b1b3c8f08adfebf"}
}
