TN:
SF:src\App.tsx
FN:9,App
FNF:1
FNH:1
FNDA:1,App
DA:10,1
LF:1
LH:1
BRF:0
BRH:0
end_of_record
TN:
SF:src\react-app-env.d.ts
FNF:0
FNH:0
LF:0
LH:0
BRF:0
BRH:0
end_of_record
TN:
SF:src\components\BlogForm.tsx
FN:31,(anonymous_0)
FN:34,(anonymous_1)
FN:36,(anonymous_2)
FN:53,(anonymous_3)
FN:58,(anonymous_4)
FNF:5
FNH:5
FNDA:6,(anonymous_0)
FNDA:6,(anonymous_1)
FNDA:1,(anonymous_2)
FNDA:1,(anonymous_3)
FNDA:11,(anonymous_4)
DA:13,10
DA:18,10
DA:31,10
DA:32,6
DA:33,6
DA:34,6
DA:36,6
DA:37,1
DA:42,1
DA:43,1
DA:46,6
DA:54,1
DA:55,1
DA:59,11
LF:14
LH:14
BRF:0
BRH:0
end_of_record
TN:
SF:src\components\Blogs.tsx
FN:15,(anonymous_0)
FNF:1
FNH:1
FNDA:4,(anonymous_0)
DA:10,10
DA:15,10
DA:16,4
LF:3
LH:3
BRF:0
BRH:0
end_of_record
TN:
SF:src\components\Footer.tsx
FN:3,(anonymous_0)
FNF:1
FNH:1
FNDA:2,(anonymous_0)
DA:3,2
DA:4,2
LF:2
LH:2
BRF:0
BRH:0
end_of_record
TN:
SF:src\components\InputFields.tsx
FN:24,(anonymous_0)
FN:44,(anonymous_1)
FN:64,(anonymous_2)
FN:91,(anonymous_3)
FN:118,(anonymous_4)
FNF:5
FNH:5
FNDA:12,(anonymous_0)
FNDA:12,(anonymous_1)
FNDA:22,(anonymous_2)
FNDA:22,(anonymous_3)
FNDA:12,(anonymous_4)
DA:9,5
DA:14,5
DA:24,5
DA:25,12
DA:44,5
DA:45,12
DA:64,5
DA:65,22
DA:91,5
DA:92,22
DA:118,5
DA:119,12
LF:12
LH:12
BRF:0
BRH:0
end_of_record
TN:
SF:src\components\LoginDialog.tsx
FN:14,(anonymous_0)
FN:41,(anonymous_1)
FN:44,(anonymous_2)
FN:76,(anonymous_3)
FN:81,(anonymous_4)
FNF:5
FNH:5
FNDA:12,(anonymous_0)
FNDA:12,(anonymous_1)
FNDA:1,(anonymous_2)
FNDA:1,(anonymous_3)
FNDA:10,(anonymous_4)
DA:14,12
DA:18,4
DA:36,4
DA:41,4
DA:42,12
DA:44,12
DA:45,1
DA:46,1
DA:49,12
DA:77,1
DA:78,1
DA:82,10
LF:12
LH:12
BRDA:15,0,0,4
BRDA:15,0,1,8
BRF:2
BRH:2
end_of_record
TN:
SF:src\components\NavBar.tsx
FN:15,(anonymous_0)
FN:16,(anonymous_1)
FN:22,(anonymous_2)
FN:26,(anonymous_3)
FN:32,(anonymous_4)
FN:36,(anonymous_5)
FN:42,(anonymous_6)
FN:46,(anonymous_7)
FN:50,(anonymous_8)
FNF:9
FNH:2
FNDA:3,(anonymous_0)
FNDA:3,(anonymous_1)
FNDA:0,(anonymous_2)
FNDA:0,(anonymous_3)
FNDA:0,(anonymous_4)
FNDA:0,(anonymous_5)
FNDA:0,(anonymous_6)
FNDA:0,(anonymous_7)
FNDA:0,(anonymous_8)
DA:15,2
DA:16,3
DA:17,3
DA:18,3
DA:20,3
DA:22,3
DA:23,0
DA:26,3
DA:27,0
DA:30,3
DA:32,3
DA:33,0
DA:36,3
DA:37,0
DA:40,3
DA:42,3
DA:43,0
DA:46,3
DA:47,0
DA:50,3
DA:51,0
DA:52,0
DA:55,3
LF:23
LH:15
BRDA:85,0,0,1
BRDA:85,0,1,2
BRDA:160,1,0,1
BRDA:160,1,1,2
BRF:4
BRH:4
end_of_record
TN:
SF:src\components\RegisterDialog.tsx
FN:18,(anonymous_0)
FN:48,(anonymous_1)
FN:50,(anonymous_2)
FN:82,(anonymous_3)
FN:87,(anonymous_4)
FNF:5
FNH:5
FNDA:6,(anonymous_0)
FNDA:6,(anonymous_1)
FNDA:1,(anonymous_2)
FNDA:1,(anonymous_3)
FNDA:12,(anonymous_4)
DA:18,6
DA:22,3
DA:40,3
DA:48,3
DA:49,6
DA:50,6
DA:51,1
DA:52,1
DA:55,6
DA:83,1
DA:84,1
DA:88,12
LF:12
LH:12
BRDA:19,0,0,3
BRDA:19,0,1,3
BRF:2
BRH:2
end_of_record
TN:
SF:src\pages\BlogFormPage.tsx
FN:6,(anonymous_0)
FN:8,(anonymous_1)
FN:9,(anonymous_2)
FNF:3
FNH:3
FNDA:1,(anonymous_0)
FNDA:1,(anonymous_1)
FNDA:1,(anonymous_2)
DA:6,2
DA:7,1
DA:8,1
DA:9,1
DA:10,1
DA:11,0
DA:14,1
LF:7
LH:6
BRDA:10,0,0,0
BRDA:10,0,1,1
BRF:2
BRH:1
end_of_record
TN:
SF:src\pages\Blogspage.tsx
FN:9,(anonymous_0)
FN:10,(anonymous_1)
FN:12,(anonymous_2)
FN:17,(anonymous_3)
FN:20,(anonymous_4)
FNF:5
FNH:5
FNDA:3,(anonymous_0)
FNDA:3,(anonymous_1)
FNDA:3,(anonymous_2)
FNDA:3,(anonymous_3)
FNDA:3,(anonymous_4)
DA:9,10
DA:10,3
DA:11,3
DA:12,3
DA:13,3
DA:14,2
DA:17,3
DA:18,3
DA:21,3
LF:9
LH:9
BRDA:13,0,0,2
BRDA:13,0,1,1
BRF:2
BRH:2
end_of_record
TN:
SF:src\pages\HomePage.tsx
FN:40,(anonymous_0)
FN:41,(anonymous_1)
FN:43,(anonymous_2)
FN:53,(anonymous_3)
FN:57,(anonymous_4)
FNF:5
FNH:4
FNDA:6,(anonymous_0)
FNDA:6,(anonymous_1)
FNDA:2,(anonymous_2)
FNDA:1,(anonymous_3)
FNDA:0,(anonymous_4)
DA:10,2
DA:17,2
DA:23,2
DA:40,2
DA:41,6
DA:42,6
DA:43,6
DA:44,2
DA:45,1
DA:47,1
DA:51,6
DA:53,6
DA:54,1
DA:57,6
DA:58,0
DA:61,6
LF:16
LH:15
BRDA:44,0,0,1
BRDA:44,0,1,1
BRF:2
BRH:2
end_of_record
TN:
SF:src\redux\store.tsx
FNF:0
FNH:0
DA:5,0
LF:1
LH:0
BRF:0
BRH:0
end_of_record
TN:
SF:src\redux\slices\blogsSlice.tsx
FN:18,(anonymous_0)
FN:21,(anonymous_1)
FN:28,(anonymous_2)
FN:37,(anonymous_3)
FN:41,(anonymous_4)
FN:43,(anonymous_5)
FN:46,(anonymous_6)
FN:50,(anonymous_7)
FNF:8
FNH:2
FNDA:2,(anonymous_0)
FNDA:0,(anonymous_1)
FNDA:1,(anonymous_2)
FNDA:0,(anonymous_3)
FNDA:0,(anonymous_4)
FNDA:0,(anonymous_5)
FNDA:0,(anonymous_6)
FNDA:0,(anonymous_7)
DA:10,10
DA:16,10
DA:19,2
DA:20,0
DA:21,0
DA:22,0
DA:26,10
DA:29,1
DA:33,10
DA:38,0
DA:42,0
DA:44,0
DA:47,0
DA:48,0
DA:51,0
DA:52,0
DA:57,10
LF:17
LH:7
BRF:0
BRH:0
end_of_record
TN:
SF:src\redux\slices\userSlice.tsx
FN:6,(anonymous_0)
FN:17,(anonymous_1)
FN:37,(anonymous_2)
FN:41,(anonymous_3)
FN:43,(anonymous_4)
FN:46,(anonymous_5)
FN:50,(anonymous_6)
FNF:7
FNH:2
FNDA:1,(anonymous_0)
FNDA:1,(anonymous_1)
FNDA:0,(anonymous_2)
FNDA:0,(anonymous_3)
FNDA:0,(anonymous_4)
FNDA:0,(anonymous_5)
FNDA:0,(anonymous_6)
DA:4,5
DA:7,1
DA:8,1
DA:11,0
DA:15,5
DA:23,1
DA:29,1
DA:33,5
DA:38,0
DA:42,0
DA:44,0
DA:47,0
DA:48,0
DA:51,0
DA:56,5
LF:15
LH:8
BRF:0
BRH:0
end_of_record
TN:
SF:src\utils\test-utils.jsx
FN:9,(anonymous_0)
FN:15,(anonymous_1)
FNF:2
FNH:2
FNDA:20,(anonymous_0)
FNDA:20,(anonymous_1)
DA:9,10
DA:10,20
DA:13,10
DA:15,10
DA:16,20
LF:5
LH:5
BRF:0
BRH:0
end_of_record
